<?xml version="1.0" encoding="UTF-8"?>
<DemoRequest one="iceland">
    <two>52</two>
</DemoRequest>
